2024-12-04 13:54:55,570 - my_logger - INFO - Connecting to mysql...
2024-12-04 13:54:55,589 - my_logger - INFO - Connected to mysql
2024-12-04 13:54:55,594 - my_logger - WARNING - Table 'logdata' does not exist in database 'msda_log'.
2024-12-04 13:54:55,595 - my_logger - INFO - Creating Table 'logdata'.
2024-12-04 13:54:55,595 - my_logger - DEBUG - Executing table creation SQL: 
                CREATE TABLE `logdata` (
                    `level` varchar(100) NOT NULL,
                    `time` timestamp NOT NULL,
                    `sender` varchar(100) NOT NULL,
                    `remote_address` varchar(200) NOT NULL,
                    `username` varchar(200) NOT NULL,
                    `size_bytes` int NOT NULL,
                    `hash_value` varchar(256) NOT NULL,
                    PRIMARY KEY (`hash_value`)
                ) ENGINE=InnoDB DEFAULT CHARSET=utf8mb4 COLLATE=utf8mb4_0900_ai_ci;
            
2024-12-04 13:54:55,622 - my_logger - INFO - Table 'logdata' created successfully.
2024-12-04 13:54:55,623 - my_logger - INFO - Connecting to mysql...
2024-12-04 13:54:55,626 - my_logger - INFO - Connected to mysql
2024-12-04 13:54:55,628 - my_logger - INFO - Table 'logdata' exists in database 'msda_log'.
2024-12-04 13:54:55,628 - my_logger - DEBUG - processing file sftpgo-2024-09-17T03-02-24.212.log
2024-12-04 13:54:55,802 - my_logger - DEBUG - processing file sftpgo-2024-05-01T10-06-26.993.log
2024-12-04 13:54:55,932 - my_logger - DEBUG - processing file sftpgo-2024-11-18T03-00-21.535.log
2024-12-04 13:54:56,059 - my_logger - DEBUG - processing file sftpgo-2024-09-14T06-34-04.228.log
2024-12-04 13:54:56,217 - my_logger - DEBUG - processing file sftpgo-2024-09-18T02-08-03.047.log
2024-12-04 13:54:56,337 - my_logger - DEBUG - processing file .DS_Store
2024-12-04 13:54:56,337 - my_logger - DEBUG - processing file sftpgo-2024-09-18T02-05-45.623.log
2024-12-04 13:54:56,467 - my_logger - DEBUG - processing file sftpgo-2024-11-21T13-06-30.508.log
2024-12-04 13:54:56,656 - my_logger - DEBUG - processing file sftpgo-2024-11-08T03-11-12.117.log
2024-12-04 13:54:56,798 - my_logger - DEBUG - processing file sftpgo-2024-04-26T12-42-00.648.log
2024-12-04 13:54:56,956 - my_logger - DEBUG - processing file sftpgo-2024-09-14T02-00-18.868.log
2024-12-04 13:54:57,177 - my_logger - DEBUG - processing file sftpgo-2024-09-16T03-16-46.413.log
2024-12-04 13:54:57,307 - my_logger - DEBUG - processing file sftpgo-2024-11-21T03-00-08.091.log
2024-12-04 13:54:57,539 - my_logger - DEBUG - processing file sftpgo-2024-09-18T02-01-06.108.log
2024-12-04 13:54:57,665 - my_logger - DEBUG - processing file sftpgo-2024-09-15T02-00-31.911.log
2024-12-04 13:54:57,788 - my_logger - DEBUG - processing file sftpgo-2024-11-11T03-12-32.355.log
2024-12-04 13:54:57,910 - my_logger - DEBUG - processing file sftpgo-2024-09-15T02-01-53.164.log
2024-12-04 13:54:58,156 - my_logger - DEBUG - processing file sftpgo-2024-09-16T02-02-46.179.log
2024-12-04 13:54:58,273 - my_logger - DEBUG - processing file sftpgo-2024-11-13T03-10-53.070.log
2024-12-04 13:54:58,402 - my_logger - DEBUG - processing file sftpgo-2024-11-14T03-00-23.507.log
2024-12-04 13:54:58,522 - my_logger - DEBUG - processing file sftpgo-2024-11-20T03-00-19.191.log
2024-12-04 13:54:58,640 - my_logger - DEBUG - processing file sftpgo-2024-09-17T02-04-42.640.log
2024-12-04 13:54:58,918 - my_logger - DEBUG - processing file sftpgo-2024-11-12T03-11-07.731.log
2024-12-04 13:54:59,040 - my_logger - DEBUG - processing file sftpgo-2024-05-03T04-14-53.113.log
2024-12-04 13:54:59,163 - my_logger - DEBUG - processing file sftpgo-2024-09-18T03-02-13.735.log
2024-12-04 13:54:59,289 - my_logger - DEBUG - processing file sftpgo-2024-11-11T03-00-04.153.log
2024-12-04 13:54:59,411 - my_logger - DEBUG - processing file sftpgo-2024-11-23T14-00-05.603.log
2024-12-04 13:54:59,528 - my_logger - DEBUG - processing file sftpgo-2024-11-14T21-19-32.389.log
2024-12-04 13:54:59,861 - my_logger - DEBUG - processing file sftpgo-2024-09-16T02-01-01.904.log
2024-12-04 13:54:59,986 - my_logger - DEBUG - processing file sftpgo-2024-09-17T02-00-25.944.log
2024-12-04 13:55:00,118 - my_logger - DEBUG - processing file sftpgo-2024-11-08T03-00-21.836.log
2024-12-04 13:55:00,246 - my_logger - DEBUG - processing file sftpgo-2024-11-15T14-00-15.780.log
2024-12-04 13:55:00,370 - my_logger - DEBUG - processing file sftpgo-2024-11-08T03-01-35.339.log
2024-12-04 13:55:00,488 - my_logger - DEBUG - processing file sftpgo-2024-09-17T14-35-25.119.log
2024-12-04 13:55:00,616 - my_logger - DEBUG - processing file sftpgo-2024-11-14T22-14-44.631.log
2024-12-04 13:55:01,244 - my_logger - DEBUG - processing file sftpgo-2024-09-15T02-04-38.816.log
2024-12-04 13:55:01,390 - my_logger - DEBUG - processing file sftpgo-2024-09-14T02-01-23.590.log
2024-12-04 13:55:01,520 - my_logger - DEBUG - processing file sftpgo-2024-09-15T02-08-44.178.log
2024-12-04 13:55:01,646 - my_logger - DEBUG - processing file sftpgo-2024-09-15T04-00-04.382.log
2024-12-04 13:55:01,833 - my_logger - DEBUG - processing file sftpgo-2024-09-16T03-02-10.430.log
2024-12-04 13:55:01,981 - my_logger - DEBUG - processing file sftpgo-2024-09-18T03-17-11.943.log
2024-12-04 13:55:02,131 - my_logger - DEBUG - processing file sftpgo-2024-11-14T21-47-15.873.log
2024-12-04 13:55:02,262 - my_logger - DEBUG - processing file sftpgo-2024-09-15T03-03-07.198.log
2024-12-04 13:55:02,391 - my_logger - DEBUG - processing file sftpgo-2024-11-17T03-00-52.514.log
2024-12-04 13:55:03,007 - my_logger - DEBUG - processing file sftpgo-2024-09-17T02-01-37.537.log
2024-12-04 13:55:03,133 - my_logger - DEBUG - processing file sftpgo-2024-11-19T00-40-16.131.log
2024-12-04 13:55:03,255 - my_logger - DEBUG - processing file sftpgo-2024-09-14T01-24-11.095.log
2024-12-04 13:55:03,398 - my_logger - DEBUG - processing file sftpgo-2024-11-19T03-11-46.812.log
2024-12-04 13:55:03,518 - my_logger - DEBUG - processing file sftpgo-2024-11-22T11-41-02.712.log
2024-12-04 13:55:03,639 - my_logger - DEBUG - processing file sftpgo-2024-09-16T02-07-29.478.log
2024-12-04 13:55:03,761 - my_logger - DEBUG - processing file sftpgo-2024-11-16T03-11-15.671.log
2024-12-04 13:55:03,882 - my_logger - DEBUG - processing file sftpgo-2024-11-10T03-00-09.567.log
2024-12-04 13:55:04,002 - my_logger - DEBUG - processing file sftpgo-2024-11-09T03-00-54.709.log
2024-12-04 13:55:04,130 - my_logger - INFO - Starting :1797611 rows to database
2024-12-04 13:56:53,843 - my_logger - INFO - 1797611 rows inserted in 109.68 seconds.
2024-12-04 13:56:57,427 - my_logger - INFO - Starting :11102 rows to database
2024-12-04 13:56:58,353 - my_logger - INFO - 11102 rows inserted in 0.92 seconds.
2024-12-04 14:09:56,783 - my_logger - INFO - Connecting to mysql...
2024-12-04 14:09:56,805 - my_logger - INFO - Connected to mysql
2024-12-04 14:09:56,810 - my_logger - WARNING - Table 'logdata' does not exist in database 'msda_log'.
2024-12-04 14:09:56,810 - my_logger - INFO - Creating Table 'logdata'.
2024-12-04 14:09:56,810 - my_logger - DEBUG - Executing table creation SQL: 
                CREATE TABLE `logdata` (
                    `level` varchar(100) NOT NULL,
                    `time` timestamp NOT NULL,
                    `sender` varchar(100) NOT NULL,
                    `remote_address` varchar(200) NOT NULL,
                    `username` varchar(200) NOT NULL,
                    `size_bytes` int NOT NULL,
                    `hash_value` varchar(256) NOT NULL,
                    `script_start_time` timestamp NOT NULL DEFAULT CURRENT_TIMESTAMP
                    PRIMARY KEY (`hash_value`)
                ) ENGINE=InnoDB DEFAULT CHARSET=utf8mb4 COLLATE=utf8mb4_0900_ai_ci;
            
2024-12-04 14:09:56,811 - my_logger - ERROR - Error creating table 'logdata': (1064, "You have an error in your SQL syntax; check the manual that corresponds to your MySQL server version for the right syntax to use near '(`hash_value`)\n                ) ENGINE=InnoDB DEFAULT CHARSET=utf8mb4 COLLATE=u' at line 10")
2024-12-04 14:09:56,812 - my_logger - INFO - Connecting to mysql...
2024-12-04 14:09:56,816 - my_logger - INFO - Connected to mysql
2024-12-04 14:09:56,818 - my_logger - WARNING - Table 'logdata' does not exist in database 'msda_log'.
2024-12-04 14:09:56,818 - my_logger - INFO - Creating Table 'logdata'.
2024-12-04 14:09:56,818 - my_logger - DEBUG - Executing table creation SQL: 
                CREATE TABLE `logdata` (
                    `level` varchar(100) NOT NULL,
                    `time` timestamp NOT NULL,
                    `sender` varchar(100) NOT NULL,
                    `remote_address` varchar(200) NOT NULL,
                    `username` varchar(200) NOT NULL,
                    `size_bytes` int NOT NULL,
                    `hash_value` varchar(256) NOT NULL,
                    `script_start_time` timestamp NOT NULL DEFAULT CURRENT_TIMESTAMP
                    PRIMARY KEY (`hash_value`)
                ) ENGINE=InnoDB DEFAULT CHARSET=utf8mb4 COLLATE=utf8mb4_0900_ai_ci;
            
2024-12-04 14:09:56,818 - my_logger - ERROR - Error creating table 'logdata': (1064, "You have an error in your SQL syntax; check the manual that corresponds to your MySQL server version for the right syntax to use near '(`hash_value`)\n                ) ENGINE=InnoDB DEFAULT CHARSET=utf8mb4 COLLATE=u' at line 10")
2024-12-04 14:11:22,067 - my_logger - INFO - Connecting to mysql...
2024-12-04 14:11:22,101 - my_logger - INFO - Connected to mysql
2024-12-04 14:11:22,114 - my_logger - WARNING - Table 'logdata' does not exist in database 'msda_log'.
2024-12-04 14:11:22,114 - my_logger - INFO - Creating Table 'logdata'.
2024-12-04 14:11:22,114 - my_logger - DEBUG - Executing table creation SQL: 
                CREATE TABLE `logdata` (
                    `level` varchar(100) NOT NULL,
                    `time` timestamp NOT NULL,
                    `sender` varchar(100) NOT NULL,
                    `remote_address` varchar(200) NOT NULL,
                    `username` varchar(200) NOT NULL,
                    `size_bytes` int NOT NULL,
                    `hash_value` varchar(256) NOT NULL,
                    `script_start_time` timestamp NOT NULL DEFAULT CURRENT_TIMESTAMP,
                    PRIMARY KEY (`hash_value`)
                ) ENGINE=InnoDB DEFAULT CHARSET=utf8mb4 COLLATE=utf8mb4_0900_ai_ci;
            
2024-12-04 14:11:22,152 - my_logger - INFO - Table 'logdata' created successfully.
2024-12-04 14:11:22,154 - my_logger - INFO - Connecting to mysql...
2024-12-04 14:11:22,161 - my_logger - INFO - Connected to mysql
2024-12-04 14:11:22,165 - my_logger - INFO - Table 'logdata' exists in database 'msda_log'.
2024-12-04 14:11:22,166 - my_logger - DEBUG - processing file sftpgo-2024-09-17T03-02-24.212.log
2024-12-04 14:11:22,372 - my_logger - DEBUG - processing file sftpgo-2024-05-01T10-06-26.993.log
2024-12-04 14:11:22,544 - my_logger - DEBUG - processing file sftpgo-2024-11-18T03-00-21.535.log
2024-12-04 14:11:22,726 - my_logger - DEBUG - processing file sftpgo-2024-09-14T06-34-04.228.log
2024-12-04 14:11:22,943 - my_logger - DEBUG - processing file sftpgo-2024-09-18T02-08-03.047.log
2024-12-04 14:11:23,117 - my_logger - DEBUG - processing file .DS_Store
2024-12-04 14:11:23,117 - my_logger - DEBUG - processing file sftpgo-2024-09-18T02-05-45.623.log
2024-12-04 14:11:23,293 - my_logger - DEBUG - processing file sftpgo-2024-11-21T13-06-30.508.log
2024-12-04 14:11:23,533 - my_logger - DEBUG - processing file sftpgo-2024-11-08T03-11-12.117.log
2024-12-04 14:11:23,716 - my_logger - DEBUG - processing file sftpgo-2024-04-26T12-42-00.648.log
2024-12-04 14:11:23,888 - my_logger - DEBUG - processing file sftpgo-2024-09-14T02-00-18.868.log
2024-12-04 14:11:24,166 - my_logger - DEBUG - processing file sftpgo-2024-09-16T03-16-46.413.log
2024-12-04 14:11:24,359 - my_logger - DEBUG - processing file sftpgo-2024-11-21T03-00-08.091.log
2024-12-04 14:11:24,700 - my_logger - DEBUG - processing file sftpgo-2024-09-18T02-01-06.108.log
2024-12-04 14:11:24,876 - my_logger - DEBUG - processing file sftpgo-2024-09-15T02-00-31.911.log
2024-12-04 14:11:25,063 - my_logger - DEBUG - processing file sftpgo-2024-11-11T03-12-32.355.log
2024-12-04 14:11:25,257 - my_logger - DEBUG - processing file sftpgo-2024-09-15T02-01-53.164.log
2024-12-04 14:11:25,589 - my_logger - DEBUG - processing file sftpgo-2024-09-16T02-02-46.179.log
2024-12-04 14:11:25,769 - my_logger - DEBUG - processing file sftpgo-2024-11-13T03-10-53.070.log
2024-12-04 14:11:25,948 - my_logger - DEBUG - processing file sftpgo-2024-11-14T03-00-23.507.log
2024-12-04 14:11:26,126 - my_logger - DEBUG - processing file sftpgo-2024-11-20T03-00-19.191.log
2024-12-04 14:11:26,309 - my_logger - DEBUG - processing file sftpgo-2024-09-17T02-04-42.640.log
2024-12-04 14:11:26,686 - my_logger - DEBUG - processing file sftpgo-2024-11-12T03-11-07.731.log
2024-12-04 14:11:26,872 - my_logger - DEBUG - processing file sftpgo-2024-05-03T04-14-53.113.log
2024-12-04 14:11:27,043 - my_logger - DEBUG - processing file sftpgo-2024-09-18T03-02-13.735.log
2024-12-04 14:11:27,230 - my_logger - DEBUG - processing file sftpgo-2024-11-11T03-00-04.153.log
2024-12-04 14:11:27,416 - my_logger - DEBUG - processing file sftpgo-2024-11-23T14-00-05.603.log
2024-12-04 14:11:27,595 - my_logger - DEBUG - processing file sftpgo-2024-11-14T21-19-32.389.log
2024-12-04 14:11:28,081 - my_logger - DEBUG - processing file sftpgo-2024-09-16T02-01-01.904.log
2024-12-04 14:11:28,268 - my_logger - DEBUG - processing file sftpgo-2024-09-17T02-00-25.944.log
2024-12-04 14:11:28,454 - my_logger - DEBUG - processing file sftpgo-2024-11-08T03-00-21.836.log
2024-12-04 14:11:28,649 - my_logger - DEBUG - processing file sftpgo-2024-11-15T14-00-15.780.log
2024-12-04 14:11:28,846 - my_logger - DEBUG - processing file sftpgo-2024-11-08T03-01-35.339.log
2024-12-04 14:11:29,030 - my_logger - DEBUG - processing file sftpgo-2024-09-17T14-35-25.119.log
2024-12-04 14:11:29,232 - my_logger - DEBUG - processing file sftpgo-2024-11-14T22-14-44.631.log
2024-12-04 14:11:29,855 - my_logger - DEBUG - processing file sftpgo-2024-09-15T02-04-38.816.log
2024-12-04 14:11:30,036 - my_logger - DEBUG - processing file sftpgo-2024-09-14T02-01-23.590.log
2024-12-04 14:11:30,253 - my_logger - DEBUG - processing file sftpgo-2024-09-15T02-08-44.178.log
2024-12-04 14:11:30,451 - my_logger - DEBUG - processing file sftpgo-2024-09-15T04-00-04.382.log
2024-12-04 14:11:30,660 - my_logger - DEBUG - processing file sftpgo-2024-09-16T03-02-10.430.log
2024-12-04 14:11:30,861 - my_logger - DEBUG - processing file sftpgo-2024-09-18T03-17-11.943.log
2024-12-04 14:11:31,054 - my_logger - DEBUG - processing file sftpgo-2024-11-14T21-47-15.873.log
2024-12-04 14:11:31,243 - my_logger - DEBUG - processing file sftpgo-2024-09-15T03-03-07.198.log
2024-12-04 14:11:31,438 - my_logger - DEBUG - processing file sftpgo-2024-11-17T03-00-52.514.log
2024-12-04 14:11:32,243 - my_logger - DEBUG - processing file sftpgo-2024-09-17T02-01-37.537.log
2024-12-04 14:11:32,440 - my_logger - DEBUG - processing file sftpgo-2024-11-19T00-40-16.131.log
2024-12-04 14:11:32,628 - my_logger - DEBUG - processing file sftpgo-2024-09-14T01-24-11.095.log
2024-12-04 14:11:32,829 - my_logger - DEBUG - processing file sftpgo-2024-11-19T03-11-46.812.log
2024-12-04 14:11:33,054 - my_logger - DEBUG - processing file sftpgo-2024-11-22T11-41-02.712.log
2024-12-04 14:11:33,251 - my_logger - DEBUG - processing file sftpgo-2024-09-16T02-07-29.478.log
2024-12-04 14:11:33,435 - my_logger - DEBUG - processing file sftpgo-2024-11-16T03-11-15.671.log
2024-12-04 14:11:33,626 - my_logger - DEBUG - processing file sftpgo-2024-11-10T03-00-09.567.log
2024-12-04 14:11:33,820 - my_logger - DEBUG - processing file sftpgo-2024-11-09T03-00-54.709.log
2024-12-04 14:11:34,031 - my_logger - INFO - Starting :1797611 rows to database
2024-12-04 14:12:46,936 - my_logger - INFO - Connecting to mysql...
2024-12-04 14:12:46,967 - my_logger - INFO - Connected to mysql
2024-12-04 14:12:46,975 - my_logger - INFO - Table 'logdata' exists in database 'msda_log'.
2024-12-04 14:12:46,976 - my_logger - INFO - Connecting to mysql...
2024-12-04 14:12:46,986 - my_logger - INFO - Connected to mysql
2024-12-04 14:12:46,992 - my_logger - INFO - Table 'logdata' exists in database 'msda_log'.
2024-12-04 14:12:46,993 - my_logger - DEBUG - processing file sftpgo-2024-09-17T03-02-24.212.log
2024-12-04 14:12:47,236 - my_logger - DEBUG - processing file sftpgo-2024-05-01T10-06-26.993.log
2024-12-04 14:12:47,429 - my_logger - DEBUG - processing file sftpgo-2024-11-18T03-00-21.535.log
2024-12-04 14:12:47,625 - my_logger - DEBUG - processing file sftpgo-2024-09-14T06-34-04.228.log
2024-12-04 14:12:47,916 - my_logger - DEBUG - processing file sftpgo-2024-09-18T02-08-03.047.log
2024-12-04 14:12:48,104 - my_logger - DEBUG - processing file .DS_Store
2024-12-04 14:12:48,104 - my_logger - DEBUG - processing file sftpgo-2024-09-18T02-05-45.623.log
2024-12-04 14:12:48,284 - my_logger - DEBUG - processing file sftpgo-2024-11-21T13-06-30.508.log
2024-12-04 14:12:48,551 - my_logger - DEBUG - processing file sftpgo-2024-11-08T03-11-12.117.log
2024-12-04 14:12:48,737 - my_logger - DEBUG - processing file sftpgo-2024-04-26T12-42-00.648.log
2024-12-04 14:12:48,904 - my_logger - DEBUG - processing file sftpgo-2024-09-14T02-00-18.868.log
2024-12-04 14:12:49,173 - my_logger - DEBUG - processing file sftpgo-2024-09-16T03-16-46.413.log
2024-12-04 14:12:49,362 - my_logger - DEBUG - processing file sftpgo-2024-11-21T03-00-08.091.log
2024-12-04 14:12:49,716 - my_logger - DEBUG - processing file sftpgo-2024-09-18T02-01-06.108.log
2024-12-04 14:12:49,919 - my_logger - DEBUG - processing file sftpgo-2024-09-15T02-00-31.911.log
2024-12-04 14:12:50,110 - my_logger - DEBUG - processing file sftpgo-2024-11-11T03-12-32.355.log
2024-12-04 14:12:50,289 - my_logger - DEBUG - processing file sftpgo-2024-09-15T02-01-53.164.log
2024-12-04 14:12:50,665 - my_logger - DEBUG - processing file sftpgo-2024-09-16T02-02-46.179.log
2024-12-04 14:12:50,837 - my_logger - DEBUG - processing file sftpgo-2024-11-13T03-10-53.070.log
2024-12-04 14:12:51,024 - my_logger - DEBUG - processing file sftpgo-2024-11-14T03-00-23.507.log
2024-12-04 14:12:51,204 - my_logger - DEBUG - processing file sftpgo-2024-11-20T03-00-19.191.log
2024-12-04 14:12:51,385 - my_logger - DEBUG - processing file sftpgo-2024-09-17T02-04-42.640.log
2024-12-04 14:12:51,862 - my_logger - DEBUG - processing file sftpgo-2024-11-12T03-11-07.731.log
2024-12-04 14:12:52,142 - my_logger - DEBUG - processing file sftpgo-2024-05-03T04-14-53.113.log
2024-12-04 14:12:52,348 - my_logger - DEBUG - processing file sftpgo-2024-09-18T03-02-13.735.log
2024-12-04 14:12:52,536 - my_logger - DEBUG - processing file sftpgo-2024-11-11T03-00-04.153.log
2024-12-04 14:12:52,718 - my_logger - DEBUG - processing file sftpgo-2024-11-23T14-00-05.603.log
2024-12-04 14:12:52,894 - my_logger - DEBUG - processing file sftpgo-2024-11-14T21-19-32.389.log
2024-12-04 14:12:53,401 - my_logger - DEBUG - processing file sftpgo-2024-09-16T02-01-01.904.log
2024-12-04 14:12:53,587 - my_logger - DEBUG - processing file sftpgo-2024-09-17T02-00-25.944.log
2024-12-04 14:12:53,766 - my_logger - DEBUG - processing file sftpgo-2024-11-08T03-00-21.836.log
2024-12-04 14:12:53,950 - my_logger - DEBUG - processing file sftpgo-2024-11-15T14-00-15.780.log
2024-12-04 14:12:54,129 - my_logger - DEBUG - processing file sftpgo-2024-11-08T03-01-35.339.log
2024-12-04 14:12:54,301 - my_logger - DEBUG - processing file sftpgo-2024-09-17T14-35-25.119.log
2024-12-04 14:12:54,502 - my_logger - DEBUG - processing file sftpgo-2024-11-14T22-14-44.631.log
2024-12-04 14:12:55,096 - my_logger - DEBUG - processing file sftpgo-2024-09-15T02-04-38.816.log
2024-12-04 14:12:55,283 - my_logger - DEBUG - processing file sftpgo-2024-09-14T02-01-23.590.log
2024-12-04 14:12:55,475 - my_logger - DEBUG - processing file sftpgo-2024-09-15T02-08-44.178.log
2024-12-04 14:12:55,673 - my_logger - DEBUG - processing file sftpgo-2024-09-15T04-00-04.382.log
2024-12-04 14:12:55,879 - my_logger - DEBUG - processing file sftpgo-2024-09-16T03-02-10.430.log
2024-12-04 14:12:56,072 - my_logger - DEBUG - processing file sftpgo-2024-09-18T03-17-11.943.log
2024-12-04 14:12:56,276 - my_logger - DEBUG - processing file sftpgo-2024-11-14T21-47-15.873.log
2024-12-04 14:12:56,466 - my_logger - DEBUG - processing file sftpgo-2024-09-15T03-03-07.198.log
2024-12-04 14:12:56,659 - my_logger - DEBUG - processing file sftpgo-2024-11-17T03-00-52.514.log
2024-12-04 14:12:57,414 - my_logger - DEBUG - processing file sftpgo-2024-09-17T02-01-37.537.log
2024-12-04 14:12:57,623 - my_logger - DEBUG - processing file sftpgo-2024-11-19T00-40-16.131.log
2024-12-04 14:12:57,813 - my_logger - DEBUG - processing file sftpgo-2024-09-14T01-24-11.095.log
2024-12-04 14:12:58,013 - my_logger - DEBUG - processing file sftpgo-2024-11-19T03-11-46.812.log
2024-12-04 14:12:58,207 - my_logger - DEBUG - processing file sftpgo-2024-11-22T11-41-02.712.log
2024-12-04 14:12:58,398 - my_logger - DEBUG - processing file sftpgo-2024-09-16T02-07-29.478.log
2024-12-04 14:12:58,596 - my_logger - DEBUG - processing file sftpgo-2024-11-16T03-11-15.671.log
2024-12-04 14:12:58,775 - my_logger - DEBUG - processing file sftpgo-2024-11-10T03-00-09.567.log
2024-12-04 14:12:58,956 - my_logger - DEBUG - processing file sftpgo-2024-11-09T03-00-54.709.log
2024-12-04 14:12:59,152 - my_logger - INFO - Starting :1797611 rows to database
2024-12-04 14:14:59,652 - my_logger - INFO - 1797611 rows inserted in 120.48 seconds.
2024-12-04 14:15:01,457 - my_logger - INFO - Starting :11102 rows to database
2024-12-04 14:15:02,592 - my_logger - INFO - 11102 rows inserted in 1.14 seconds.
2024-12-04 14:17:56,333 - my_logger - DEBUG - processing file sftpgo-2024-04-26T12-42-00.648 copy.log
2024-12-04 14:17:56,548 - my_logger - INFO - Starting :32354 rows to database
2024-12-04 14:17:58,904 - my_logger - INFO - 32354 rows inserted in 2.36 seconds.
2024-12-04 14:21:44,213 - my_logger - INFO - Connecting to mysql...
2024-12-04 14:21:44,235 - my_logger - INFO - Connected to mysql
2024-12-04 14:21:44,253 - my_logger - WARNING - Table 'logdata' does not exist in database 'msda_log'.
2024-12-04 14:21:44,253 - my_logger - INFO - Creating Table 'logdata'.
2024-12-04 14:21:44,253 - my_logger - DEBUG - Executing table creation SQL: 
                CREATE TABLE `logdata` (
                    `level` varchar(100) NOT NULL,
                    `time` timestamp NOT NULL,
                    `sender` varchar(100) NOT NULL,
                    `remote_address` varchar(200) NOT NULL,
                    `username` varchar(200) NOT NULL,
                    `size_bytes` int NOT NULL,
                    `hash_value` varchar(256) NOT NULL,
                    `batch_load_timestamp` timestamp NOT NULL DEFAULT CURRENT_TIMESTAMP,
                    PRIMARY KEY (`hash_value`)
                ) ENGINE=InnoDB DEFAULT CHARSET=utf8mb4 COLLATE=utf8mb4_0900_ai_ci;
            
2024-12-04 14:21:44,291 - my_logger - INFO - Table 'logdata' created successfully.
2024-12-04 14:21:44,292 - my_logger - INFO - Connecting to mysql...
2024-12-04 14:21:44,296 - my_logger - INFO - Connected to mysql
2024-12-04 14:21:44,298 - my_logger - INFO - Table 'logdata' exists in database 'msda_log'.
2024-12-04 14:21:44,299 - my_logger - DEBUG - processing file sftpgo-2024-09-17T03-02-24.212.log
2024-12-04 14:21:44,525 - my_logger - DEBUG - processing file sftpgo-2024-05-01T10-06-26.993.log
2024-12-04 14:21:44,702 - my_logger - DEBUG - processing file sftpgo-2024-11-18T03-00-21.535.log
2024-12-04 14:21:44,914 - my_logger - DEBUG - processing file sftpgo-2024-09-14T06-34-04.228.log
2024-12-04 14:21:45,157 - my_logger - DEBUG - processing file sftpgo-2024-09-18T02-08-03.047.log
2024-12-04 14:21:45,343 - my_logger - DEBUG - processing file .DS_Store
2024-12-04 14:21:45,343 - my_logger - DEBUG - processing file sftpgo-2024-09-18T02-05-45.623.log
2024-12-04 14:21:45,528 - my_logger - DEBUG - processing file sftpgo-2024-11-21T13-06-30.508.log
2024-12-04 14:21:45,786 - my_logger - DEBUG - processing file sftpgo-2024-11-08T03-11-12.117.log
2024-12-04 14:21:45,982 - my_logger - DEBUG - processing file sftpgo-2024-04-26T12-42-00.648.log
2024-12-04 14:21:46,158 - my_logger - DEBUG - processing file sftpgo-2024-09-14T02-00-18.868.log
2024-12-04 14:21:46,516 - my_logger - DEBUG - processing file sftpgo-2024-09-16T03-16-46.413.log
2024-12-04 14:21:46,719 - my_logger - DEBUG - processing file sftpgo-2024-11-21T03-00-08.091.log
2024-12-04 14:21:47,047 - my_logger - DEBUG - processing file sftpgo-2024-09-18T02-01-06.108.log
2024-12-04 14:21:47,230 - my_logger - DEBUG - processing file sftpgo-2024-09-15T02-00-31.911.log
2024-12-04 14:21:47,444 - my_logger - DEBUG - processing file sftpgo-2024-11-11T03-12-32.355.log
2024-12-04 14:21:47,640 - my_logger - DEBUG - processing file sftpgo-2024-09-15T02-01-53.164.log
2024-12-04 14:21:48,014 - my_logger - DEBUG - processing file sftpgo-2024-09-16T02-02-46.179.log
2024-12-04 14:21:48,187 - my_logger - DEBUG - processing file sftpgo-2024-11-13T03-10-53.070.log
2024-12-04 14:21:48,368 - my_logger - DEBUG - processing file sftpgo-2024-11-14T03-00-23.507.log
2024-12-04 14:21:48,569 - my_logger - DEBUG - processing file sftpgo-2024-11-20T03-00-19.191.log
2024-12-04 14:21:48,773 - my_logger - DEBUG - processing file sftpgo-2024-09-17T02-04-42.640.log
2024-12-04 14:21:49,187 - my_logger - DEBUG - processing file sftpgo-2024-11-12T03-11-07.731.log
2024-12-04 14:21:49,369 - my_logger - DEBUG - processing file sftpgo-2024-05-03T04-14-53.113.log
2024-12-04 14:21:49,544 - my_logger - DEBUG - processing file sftpgo-2024-09-18T03-02-13.735.log
2024-12-04 14:21:49,742 - my_logger - DEBUG - processing file sftpgo-2024-11-11T03-00-04.153.log
2024-12-04 14:21:49,922 - my_logger - DEBUG - processing file sftpgo-2024-11-23T14-00-05.603.log
2024-12-04 14:21:50,098 - my_logger - DEBUG - processing file sftpgo-2024-11-14T21-19-32.389.log
2024-12-04 14:21:50,528 - my_logger - DEBUG - processing file sftpgo-2024-09-16T02-01-01.904.log
2024-12-04 14:21:50,712 - my_logger - DEBUG - processing file sftpgo-2024-09-17T02-00-25.944.log
2024-12-04 14:21:50,894 - my_logger - DEBUG - processing file sftpgo-2024-11-08T03-00-21.836.log
2024-12-04 14:21:51,079 - my_logger - DEBUG - processing file sftpgo-2024-11-15T14-00-15.780.log
2024-12-04 14:21:51,263 - my_logger - DEBUG - processing file sftpgo-2024-11-08T03-01-35.339.log
2024-12-04 14:21:51,440 - my_logger - DEBUG - processing file sftpgo-2024-09-17T14-35-25.119.log
2024-12-04 14:21:51,636 - my_logger - DEBUG - processing file sftpgo-2024-11-14T22-14-44.631.log
2024-12-04 14:21:52,217 - my_logger - DEBUG - processing file sftpgo-2024-09-15T02-04-38.816.log
2024-12-04 14:21:52,389 - my_logger - DEBUG - processing file sftpgo-2024-09-14T02-01-23.590.log
2024-12-04 14:21:52,562 - my_logger - DEBUG - processing file sftpgo-2024-09-15T02-08-44.178.log
2024-12-04 14:21:52,734 - my_logger - DEBUG - processing file sftpgo-2024-09-15T04-00-04.382.log
2024-12-04 14:21:52,935 - my_logger - DEBUG - processing file sftpgo-2024-09-16T03-02-10.430.log
2024-12-04 14:21:53,121 - my_logger - DEBUG - processing file sftpgo-2024-09-18T03-17-11.943.log
2024-12-04 14:21:53,322 - my_logger - DEBUG - processing file sftpgo-2024-11-14T21-47-15.873.log
2024-12-04 14:21:53,582 - my_logger - DEBUG - processing file sftpgo-2024-09-15T03-03-07.198.log
2024-12-04 14:21:53,786 - my_logger - DEBUG - processing file sftpgo-2024-11-17T03-00-52.514.log
2024-12-04 14:21:54,513 - my_logger - DEBUG - processing file sftpgo-2024-09-17T02-01-37.537.log
2024-12-04 14:21:54,707 - my_logger - DEBUG - processing file sftpgo-2024-11-19T00-40-16.131.log
2024-12-04 14:21:54,902 - my_logger - DEBUG - processing file sftpgo-2024-09-14T01-24-11.095.log
2024-12-04 14:21:55,126 - my_logger - DEBUG - processing file sftpgo-2024-11-19T03-11-46.812.log
2024-12-04 14:21:55,321 - my_logger - DEBUG - processing file sftpgo-2024-11-22T11-41-02.712.log
2024-12-04 14:21:55,504 - my_logger - DEBUG - processing file sftpgo-2024-09-16T02-07-29.478.log
2024-12-04 14:21:55,683 - my_logger - DEBUG - processing file sftpgo-2024-11-16T03-11-15.671.log
2024-12-04 14:21:55,869 - my_logger - DEBUG - processing file sftpgo-2024-11-10T03-00-09.567.log
2024-12-04 14:21:56,048 - my_logger - DEBUG - processing file sftpgo-2024-11-09T03-00-54.709.log
2024-12-04 14:21:56,256 - my_logger - INFO - Starting :1797611 rows to database
2024-12-04 14:23:50,220 - my_logger - INFO - 1797611 rows inserted in 113.95 seconds.
2024-12-04 14:23:51,374 - my_logger - INFO - Starting :11102 rows to database
2024-12-04 14:23:53,346 - my_logger - INFO - 11102 rows inserted in 1.97 seconds.
2024-12-04 15:04:54,045 - my_logger - INFO - Connecting to mysql...
2024-12-04 15:04:54,135 - my_logger - INFO - Connected to mysql
2024-12-04 15:04:54,166 - my_logger - INFO - Table 'logdata' exists in database 'msda_log'.
2024-12-04 15:04:54,167 - my_logger - INFO - Connecting to mysql...
2024-12-04 15:04:54,172 - my_logger - INFO - Connected to mysql
2024-12-04 15:04:54,179 - my_logger - INFO - Table 'logdata' exists in database 'msda_log'.
2024-12-04 15:05:22,314 - my_logger - INFO - Starting :1 rows to database
2024-12-04 15:05:22,343 - my_logger - INFO - 1 rows inserted in 0.03 seconds.
